This is pdfTeX, Version 3.141592653-2.6-1.40.23 (MiKTeX 21.10) (preloaded format=pdflatex 2021.11.17)  17 NOV 2021 20:13
entering extended mode
**./Practice5-Exercise6b.tex
(Practice5-Exercise6b.tex
LaTeX2e <2021-06-01> patch level 1
L3 programming layer <2021-10-18>
(C:\Users\Maryam Otunara\AppData\Local\Programs\MiKTeX\tex/latex/base\article.c
ls
Document Class: article 2021/02/12 v1.4n Standard LaTeX document class

(C:\Users\Maryam Otunara\AppData\Local\Programs\MiKTeX\tex/latex/base\size10.cl
o
File: size10.clo 2021/02/12 v1.4n Standard LaTeX file (size option)
)
\c@part=\count182
\c@section=\count183
\c@subsection=\count184
\c@subsubsection=\count185
\c@paragraph=\count186
\c@subparagraph=\count187
\c@figure=\count188
\c@table=\count189
\abovecaptionskip=\skip47
\belowcaptionskip=\skip48
\bibindent=\dimen138
)
(C:\Users\Maryam Otunara\AppData\Local\Programs\MiKTeX\tex/latex/l3backend\l3ba
ckend-pdftex.def
File: l3backend-pdftex.def 2021-10-18 L3 backend support: PDF output (pdfTeX)
\l__color_backend_stack_int=\count190
\l__pdf_internal_box=\box50
) (Practice5-Exercise6b.aux)
\openout1 = `Practice5-Exercise6b.aux'.

LaTeX Font Info:    Checking defaults for OML/cmm/m/it on input line 3.
LaTeX Font Info:    ... okay on input line 3.
LaTeX Font Info:    Checking defaults for OMS/cmsy/m/n on input line 3.
LaTeX Font Info:    ... okay on input line 3.
LaTeX Font Info:    Checking defaults for OT1/cmr/m/n on input line 3.
LaTeX Font Info:    ... okay on input line 3.
LaTeX Font Info:    Checking defaults for T1/cmr/m/n on input line 3.
LaTeX Font Info:    ... okay on input line 3.
LaTeX Font Info:    Checking defaults for TS1/cmr/m/n on input line 3.
LaTeX Font Info:    ... okay on input line 3.
LaTeX Font Info:    Checking defaults for OMX/cmex/m/n on input line 3.
LaTeX Font Info:    ... okay on input line 3.
LaTeX Font Info:    Checking defaults for U/cmr/m/n on input line 3.
LaTeX Font Info:    ... okay on input line 3.

Overfull \hbox (21.63971pt too wide) in paragraph at lines 5--45
\OT1/cmr/m/n/10 En-gi-neer-ing and De-sign, vol-ume=155, pages=111556, year=202
0, pub-lisher=Elsevier
 []


Overfull \hbox (0.50078pt too wide) in paragraph at lines 5--45
\OT1/cmr/m/n/10 of Ad-vanced Man-u-fac-tur-ing Tech-nol-ogy, vol-ume=106, numbe
r=1-2, pages=105--
 []


Overfull \hbox (2.30511pt too wide) in paragraph at lines 5--45
\OT1/cmr/m/n/10 ti-tle=A mea-sure-ment In-for-ma-tion In-fras-truc-ture's Ben-e
-fits for In-dus-trial Metrol-
 []

[1

{C:/Users/Maryam Otunara/AppData/Local/MiKTeX/pdftex/config/pdftex.map}]
(Practice5-Exercise6b.aux) ) 
Here is how much of TeX's memory you used:
 394 strings out of 478907
 7504 string characters out of 2847589
 301820 words of memory out of 3000000
 18356 multiletter control sequences out of 15000+600000
 403430 words of font info for 27 fonts, out of 8000000 for 9000
 1141 hyphenation exceptions out of 8191
 34i,5n,41p,194b,107s stack positions out of 5000i,500n,10000p,200000b,80000s
<C:/Users/Maryam Otunara/AppData/Local/Programs/MiK
TeX/fonts/type1/public/amsfonts/cm/cmr10.pfb>
Output written on Practice5-Exercise6b.pdf (1 page, 26138 bytes).
PDF statistics:
 11 PDF objects out of 1000 (max. 8388607)
 0 named destinations out of 1000 (max. 500000)
 1 words of extra memory for PDF output out of 10000 (max. 10000000)

