This is pdfTeX, Version 3.141592653-2.6-1.40.23 (MiKTeX 21.10) (preloaded format=pdflatex 2021.11.17)  20 NOV 2021 13:23
entering extended mode
**./Practice6-ClassprojectII.tex
(Practice6-ClassprojectII.tex
LaTeX2e <2021-06-01> patch level 1
L3 programming layer <2021-10-18>
(C:\Users\Maryam Otunara\AppData\Local\Programs\MiKTeX\tex/latex/base\article.c
ls
Document Class: article 2021/02/12 v1.4n Standard LaTeX document class

(C:\Users\Maryam Otunara\AppData\Local\Programs\MiKTeX\tex/latex/base\size10.cl
o
File: size10.clo 2021/02/12 v1.4n Standard LaTeX file (size option)
)
\c@part=\count182
\c@section=\count183
\c@subsection=\count184
\c@subsubsection=\count185
\c@paragraph=\count186
\c@subparagraph=\count187
\c@figure=\count188
\c@table=\count189
\abovecaptionskip=\skip47
\belowcaptionskip=\skip48
\bibindent=\dimen138
)
(C:\Users\Maryam Otunara\AppData\Local\Programs\MiKTeX\tex/latex/pgfplots\pgfpl
otstable.sty
(C:\Users\Maryam Otunara\AppData\Local\Programs\MiKTeX\tex/generic/pgfplots\pgf
plots.revision.tex)
Package: pgfplotstable 2021/05/15 v1.18.1 Table typesetting and Pretty-printing
 (1.18.1)

(C:\Users\Maryam Otunara\AppData\Local\Programs\MiKTeX\tex/latex/pgfplots\pgfpl
ots.sty
(C:\Users\Maryam Otunara\AppData\Local\Programs\MiKTeX\tex/generic/pgfplots\pgf
plots.revision.tex)
Package: pgfplots 2021/05/15 v1.18.1 Data Visualization (1.18.1)

(C:\Users\Maryam Otunara\AppData\Local\Programs\MiKTeX\tex/latex/graphics\graph
icx.sty
Package: graphicx 2020/12/05 v1.2c Enhanced LaTeX Graphics (DPC,SPQR)

(C:\Users\Maryam Otunara\AppData\Local\Programs\MiKTeX\tex/latex/graphics\keyva
l.sty
Package: keyval 2014/10/28 v1.15 key=value parser (DPC)
\KV@toks@=\toks16
)
(C:\Users\Maryam Otunara\AppData\Local\Programs\MiKTeX\tex/latex/graphics\graph
ics.sty
Package: graphics 2021/03/04 v1.4d Standard LaTeX Graphics (DPC,SPQR)

(C:\Users\Maryam Otunara\AppData\Local\Programs\MiKTeX\tex/latex/graphics\trig.
sty
Package: trig 2016/01/03 v1.10 sin cos tan (DPC)
)
(C:\Users\Maryam Otunara\AppData\Local\Programs\MiKTeX\tex/latex/graphics-cfg\g
raphics.cfg
File: graphics.cfg 2016/06/04 v1.11 sample graphics configuration
)
Package graphics Info: Driver file: pdftex.def on input line 107.

(C:\Users\Maryam Otunara\AppData\Local\Programs\MiKTeX\tex/latex/graphics-def\p
dftex.def
File: pdftex.def 2020/10/05 v1.2a Graphics/color driver for pdftex
))
\Gin@req@height=\dimen139
\Gin@req@width=\dimen140
)
(C:\Users\Maryam Otunara\AppData\Local\Programs\MiKTeX\tex/latex/pgf/frontendla
yer\tikz.sty
(C:\Users\Maryam Otunara\AppData\Local\Programs\MiKTeX\tex/latex/pgf/basiclayer
\pgf.sty
(C:\Users\Maryam Otunara\AppData\Local\Programs\MiKTeX\tex/latex/pgf/utilities\
pgfrcs.sty
(C:\Users\Maryam Otunara\AppData\Local\Programs\MiKTeX\tex/generic/pgf/utilitie
s\pgfutil-common.tex
\pgfutil@everybye=\toks17
\pgfutil@tempdima=\dimen141
\pgfutil@tempdimb=\dimen142

(C:\Users\Maryam Otunara\AppData\Local\Programs\MiKTeX\tex/generic/pgf/utilitie
s\pgfutil-common-lists.tex))
(C:\Users\Maryam Otunara\AppData\Local\Programs\MiKTeX\tex/generic/pgf/utilitie
s\pgfutil-latex.def
\pgfutil@abb=\box50
)
(C:\Users\Maryam Otunara\AppData\Local\Programs\MiKTeX\tex/generic/pgf/utilitie
s\pgfrcs.code.tex
(C:\Users\Maryam Otunara\AppData\Local\Programs\MiKTeX\tex/generic/pgf\pgf.revi
sion.tex)
Package: pgfrcs 2021/05/15 v3.1.9a (3.1.9a)
))
Package: pgf 2021/05/15 v3.1.9a (3.1.9a)

(C:\Users\Maryam Otunara\AppData\Local\Programs\MiKTeX\tex/latex/pgf/basiclayer
\pgfcore.sty
(C:\Users\Maryam Otunara\AppData\Local\Programs\MiKTeX\tex/latex/pgf/systemlaye
r\pgfsys.sty
(C:\Users\Maryam Otunara\AppData\Local\Programs\MiKTeX\tex/generic/pgf/systemla
yer\pgfsys.code.tex
Package: pgfsys 2021/05/15 v3.1.9a (3.1.9a)

(C:\Users\Maryam Otunara\AppData\Local\Programs\MiKTeX\tex/generic/pgf/utilitie
s\pgfkeys.code.tex
\pgfkeys@pathtoks=\toks18
\pgfkeys@temptoks=\toks19

(C:\Users\Maryam Otunara\AppData\Local\Programs\MiKTeX\tex/generic/pgf/utilitie
s\pgfkeysfiltered.code.tex
\pgfkeys@tmptoks=\toks20
))
\pgf@x=\dimen143
\pgf@y=\dimen144
\pgf@xa=\dimen145
\pgf@ya=\dimen146
\pgf@xb=\dimen147
\pgf@yb=\dimen148
\pgf@xc=\dimen149
\pgf@yc=\dimen150
\pgf@xd=\dimen151
\pgf@yd=\dimen152
\w@pgf@writea=\write3
\r@pgf@reada=\read2
\c@pgf@counta=\count190
\c@pgf@countb=\count191
\c@pgf@countc=\count192
\c@pgf@countd=\count193
\t@pgf@toka=\toks21
\t@pgf@tokb=\toks22
\t@pgf@tokc=\toks23
\pgf@sys@id@count=\count194

(C:\Users\Maryam Otunara\AppData\Local\Programs\MiKTeX\tex/generic/pgf/systemla
yer\pgf.cfg
File: pgf.cfg 2021/05/15 v3.1.9a (3.1.9a)
)
Driver file for pgf: pgfsys-pdftex.def

(C:\Users\Maryam Otunara\AppData\Local\Programs\MiKTeX\tex/generic/pgf/systemla
yer\pgfsys-pdftex.def
File: pgfsys-pdftex.def 2021/05/15 v3.1.9a (3.1.9a)

(C:\Users\Maryam Otunara\AppData\Local\Programs\MiKTeX\tex/generic/pgf/systemla
yer\pgfsys-common-pdf.def
File: pgfsys-common-pdf.def 2021/05/15 v3.1.9a (3.1.9a)
)))
(C:\Users\Maryam Otunara\AppData\Local\Programs\MiKTeX\tex/generic/pgf/systemla
yer\pgfsyssoftpath.code.tex
File: pgfsyssoftpath.code.tex 2021/05/15 v3.1.9a (3.1.9a)
\pgfsyssoftpath@smallbuffer@items=\count195
\pgfsyssoftpath@bigbuffer@items=\count196
)
(C:\Users\Maryam Otunara\AppData\Local\Programs\MiKTeX\tex/generic/pgf/systemla
yer\pgfsysprotocol.code.tex
File: pgfsysprotocol.code.tex 2021/05/15 v3.1.9a (3.1.9a)
))
(C:\Users\Maryam Otunara\AppData\Local\Programs\MiKTeX\tex/latex/xcolor\xcolor.
sty
Package: xcolor 2021/10/31 v2.13 LaTeX color extensions (UK)

(C:\Users\Maryam Otunara\AppData\Local\Programs\MiKTeX\tex/latex/graphics-cfg\c
olor.cfg
File: color.cfg 2016/01/02 v1.6 sample color configuration
)
Package xcolor Info: Driver file: pdftex.def on input line 227.
Package xcolor Info: Model `cmy' substituted by `cmy0' on input line 1352.
Package xcolor Info: Model `hsb' substituted by `rgb' on input line 1356.
Package xcolor Info: Model `RGB' extended on input line 1368.
Package xcolor Info: Model `HTML' substituted by `rgb' on input line 1370.
Package xcolor Info: Model `Hsb' substituted by `hsb' on input line 1371.
Package xcolor Info: Model `tHsb' substituted by `hsb' on input line 1372.
Package xcolor Info: Model `HSB' substituted by `hsb' on input line 1373.
Package xcolor Info: Model `Gray' substituted by `gray' on input line 1374.
Package xcolor Info: Model `wave' substituted by `hsb' on input line 1375.
)
(C:\Users\Maryam Otunara\AppData\Local\Programs\MiKTeX\tex/generic/pgf/basiclay
er\pgfcore.code.tex
Package: pgfcore 2021/05/15 v3.1.9a (3.1.9a)

(C:\Users\Maryam Otunara\AppData\Local\Programs\MiKTeX\tex/generic/pgf/math\pgf
math.code.tex
(C:\Users\Maryam Otunara\AppData\Local\Programs\MiKTeX\tex/generic/pgf/math\pgf
mathcalc.code.tex
(C:\Users\Maryam Otunara\AppData\Local\Programs\MiKTeX\tex/generic/pgf/math\pgf
mathutil.code.tex)
(C:\Users\Maryam Otunara\AppData\Local\Programs\MiKTeX\tex/generic/pgf/math\pgf
mathparser.code.tex
\pgfmath@dimen=\dimen153
\pgfmath@count=\count197
\pgfmath@box=\box51
\pgfmath@toks=\toks24
\pgfmath@stack@operand=\toks25
\pgfmath@stack@operation=\toks26
)
(C:\Users\Maryam Otunara\AppData\Local\Programs\MiKTeX\tex/generic/pgf/math\pgf
mathfunctions.code.tex
(C:\Users\Maryam Otunara\AppData\Local\Programs\MiKTeX\tex/generic/pgf/math\pgf
mathfunctions.basic.code.tex)
(C:\Users\Maryam Otunara\AppData\Local\Programs\MiKTeX\tex/generic/pgf/math\pgf
mathfunctions.trigonometric.code.tex)
(C:\Users\Maryam Otunara\AppData\Local\Programs\MiKTeX\tex/generic/pgf/math\pgf
mathfunctions.random.code.tex)
(C:\Users\Maryam Otunara\AppData\Local\Programs\MiKTeX\tex/generic/pgf/math\pgf
mathfunctions.comparison.code.tex)
(C:\Users\Maryam Otunara\AppData\Local\Programs\MiKTeX\tex/generic/pgf/math\pgf
mathfunctions.base.code.tex)
(C:\Users\Maryam Otunara\AppData\Local\Programs\MiKTeX\tex/generic/pgf/math\pgf
mathfunctions.round.code.tex)
(C:\Users\Maryam Otunara\AppData\Local\Programs\MiKTeX\tex/generic/pgf/math\pgf
mathfunctions.misc.code.tex)
(C:\Users\Maryam Otunara\AppData\Local\Programs\MiKTeX\tex/generic/pgf/math\pgf
mathfunctions.integerarithmetics.code.tex)))
(C:\Users\Maryam Otunara\AppData\Local\Programs\MiKTeX\tex/generic/pgf/math\pgf
mathfloat.code.tex
\c@pgfmathroundto@lastzeros=\count198
))
(C:\Users\Maryam Otunara\AppData\Local\Programs\MiKTeX\tex/generic/pgf/math\pgf
int.code.tex)
(C:\Users\Maryam Otunara\AppData\Local\Programs\MiKTeX\tex/generic/pgf/basiclay
er\pgfcorepoints.code.tex
File: pgfcorepoints.code.tex 2021/05/15 v3.1.9a (3.1.9a)
\pgf@picminx=\dimen154
\pgf@picmaxx=\dimen155
\pgf@picminy=\dimen156
\pgf@picmaxy=\dimen157
\pgf@pathminx=\dimen158
\pgf@pathmaxx=\dimen159
\pgf@pathminy=\dimen160
\pgf@pathmaxy=\dimen161
\pgf@xx=\dimen162
\pgf@xy=\dimen163
\pgf@yx=\dimen164
\pgf@yy=\dimen165
\pgf@zx=\dimen166
\pgf@zy=\dimen167
)
(C:\Users\Maryam Otunara\AppData\Local\Programs\MiKTeX\tex/generic/pgf/basiclay
er\pgfcorepathconstruct.code.tex
File: pgfcorepathconstruct.code.tex 2021/05/15 v3.1.9a (3.1.9a)
\pgf@path@lastx=\dimen168
\pgf@path@lasty=\dimen169
)
(C:\Users\Maryam Otunara\AppData\Local\Programs\MiKTeX\tex/generic/pgf/basiclay
er\pgfcorepathusage.code.tex
File: pgfcorepathusage.code.tex 2021/05/15 v3.1.9a (3.1.9a)
\pgf@shorten@end@additional=\dimen170
\pgf@shorten@start@additional=\dimen171
)
(C:\Users\Maryam Otunara\AppData\Local\Programs\MiKTeX\tex/generic/pgf/basiclay
er\pgfcorescopes.code.tex
File: pgfcorescopes.code.tex 2021/05/15 v3.1.9a (3.1.9a)
\pgfpic=\box52
\pgf@hbox=\box53
\pgf@layerbox@main=\box54
\pgf@picture@serial@count=\count199
)
(C:\Users\Maryam Otunara\AppData\Local\Programs\MiKTeX\tex/generic/pgf/basiclay
er\pgfcoregraphicstate.code.tex
File: pgfcoregraphicstate.code.tex 2021/05/15 v3.1.9a (3.1.9a)
\pgflinewidth=\dimen172
)
(C:\Users\Maryam Otunara\AppData\Local\Programs\MiKTeX\tex/generic/pgf/basiclay
er\pgfcoretransformations.code.tex
File: pgfcoretransformations.code.tex 2021/05/15 v3.1.9a (3.1.9a)
\pgf@pt@x=\dimen173
\pgf@pt@y=\dimen174
\pgf@pt@temp=\dimen175
)
(C:\Users\Maryam Otunara\AppData\Local\Programs\MiKTeX\tex/generic/pgf/basiclay
er\pgfcorequick.code.tex
File: pgfcorequick.code.tex 2021/05/15 v3.1.9a (3.1.9a)
)
(C:\Users\Maryam Otunara\AppData\Local\Programs\MiKTeX\tex/generic/pgf/basiclay
er\pgfcoreobjects.code.tex
File: pgfcoreobjects.code.tex 2021/05/15 v3.1.9a (3.1.9a)
)
(C:\Users\Maryam Otunara\AppData\Local\Programs\MiKTeX\tex/generic/pgf/basiclay
er\pgfcorepathprocessing.code.tex
File: pgfcorepathprocessing.code.tex 2021/05/15 v3.1.9a (3.1.9a)
)
(C:\Users\Maryam Otunara\AppData\Local\Programs\MiKTeX\tex/generic/pgf/basiclay
er\pgfcorearrows.code.tex
File: pgfcorearrows.code.tex 2021/05/15 v3.1.9a (3.1.9a)
\pgfarrowsep=\dimen176
)
(C:\Users\Maryam Otunara\AppData\Local\Programs\MiKTeX\tex/generic/pgf/basiclay
er\pgfcoreshade.code.tex
File: pgfcoreshade.code.tex 2021/05/15 v3.1.9a (3.1.9a)
\pgf@max=\dimen177
\pgf@sys@shading@range@num=\count266
\pgf@shadingcount=\count267
)
(C:\Users\Maryam Otunara\AppData\Local\Programs\MiKTeX\tex/generic/pgf/basiclay
er\pgfcoreimage.code.tex
File: pgfcoreimage.code.tex 2021/05/15 v3.1.9a (3.1.9a)

(C:\Users\Maryam Otunara\AppData\Local\Programs\MiKTeX\tex/generic/pgf/basiclay
er\pgfcoreexternal.code.tex
File: pgfcoreexternal.code.tex 2021/05/15 v3.1.9a (3.1.9a)
\pgfexternal@startupbox=\box55
))
(C:\Users\Maryam Otunara\AppData\Local\Programs\MiKTeX\tex/generic/pgf/basiclay
er\pgfcorelayers.code.tex
File: pgfcorelayers.code.tex 2021/05/15 v3.1.9a (3.1.9a)
)
(C:\Users\Maryam Otunara\AppData\Local\Programs\MiKTeX\tex/generic/pgf/basiclay
er\pgfcoretransparency.code.tex
File: pgfcoretransparency.code.tex 2021/05/15 v3.1.9a (3.1.9a)
)
(C:\Users\Maryam Otunara\AppData\Local\Programs\MiKTeX\tex/generic/pgf/basiclay
er\pgfcorepatterns.code.tex
File: pgfcorepatterns.code.tex 2021/05/15 v3.1.9a (3.1.9a)
)
(C:\Users\Maryam Otunara\AppData\Local\Programs\MiKTeX\tex/generic/pgf/basiclay
er\pgfcorerdf.code.tex
File: pgfcorerdf.code.tex 2021/05/15 v3.1.9a (3.1.9a)
)))
(C:\Users\Maryam Otunara\AppData\Local\Programs\MiKTeX\tex/generic/pgf/modules\
pgfmoduleshapes.code.tex
File: pgfmoduleshapes.code.tex 2021/05/15 v3.1.9a (3.1.9a)
\pgfnodeparttextbox=\box56
)
(C:\Users\Maryam Otunara\AppData\Local\Programs\MiKTeX\tex/generic/pgf/modules\
pgfmoduleplot.code.tex
File: pgfmoduleplot.code.tex 2021/05/15 v3.1.9a (3.1.9a)
)
(C:\Users\Maryam Otunara\AppData\Local\Programs\MiKTeX\tex/latex/pgf/compatibil
ity\pgfcomp-version-0-65.sty
Package: pgfcomp-version-0-65 2021/05/15 v3.1.9a (3.1.9a)
\pgf@nodesepstart=\dimen178
\pgf@nodesepend=\dimen179
)
(C:\Users\Maryam Otunara\AppData\Local\Programs\MiKTeX\tex/latex/pgf/compatibil
ity\pgfcomp-version-1-18.sty
Package: pgfcomp-version-1-18 2021/05/15 v3.1.9a (3.1.9a)
))
(C:\Users\Maryam Otunara\AppData\Local\Programs\MiKTeX\tex/latex/pgf/utilities\
pgffor.sty
(C:\Users\Maryam Otunara\AppData\Local\Programs\MiKTeX\tex/latex/pgf/utilities\
pgfkeys.sty
(C:\Users\Maryam Otunara\AppData\Local\Programs\MiKTeX\tex/generic/pgf/utilitie
s\pgfkeys.code.tex))
(C:\Users\Maryam Otunara\AppData\Local\Programs\MiKTeX\tex/latex/pgf/math\pgfma
th.sty
(C:\Users\Maryam Otunara\AppData\Local\Programs\MiKTeX\tex/generic/pgf/math\pgf
math.code.tex))
(C:\Users\Maryam Otunara\AppData\Local\Programs\MiKTeX\tex/generic/pgf/utilitie
s\pgffor.code.tex
Package: pgffor 2021/05/15 v3.1.9a (3.1.9a)

(C:\Users\Maryam Otunara\AppData\Local\Programs\MiKTeX\tex/generic/pgf/math\pgf
math.code.tex)
\pgffor@iter=\dimen180
\pgffor@skip=\dimen181
\pgffor@stack=\toks27
\pgffor@toks=\toks28
))
(C:\Users\Maryam Otunara\AppData\Local\Programs\MiKTeX\tex/generic/pgf/frontend
layer/tikz\tikz.code.tex
Package: tikz 2021/05/15 v3.1.9a (3.1.9a)

(C:\Users\Maryam Otunara\AppData\Local\Programs\MiKTeX\tex/generic/pgf/librarie
s\pgflibraryplothandlers.code.tex
File: pgflibraryplothandlers.code.tex 2021/05/15 v3.1.9a (3.1.9a)
\pgf@plot@mark@count=\count268
\pgfplotmarksize=\dimen182
)
\tikz@lastx=\dimen183
\tikz@lasty=\dimen184
\tikz@lastxsaved=\dimen185
\tikz@lastysaved=\dimen186
\tikz@lastmovetox=\dimen187
\tikz@lastmovetoy=\dimen188
\tikzleveldistance=\dimen189
\tikzsiblingdistance=\dimen190
\tikz@figbox=\box57
\tikz@figbox@bg=\box58
\tikz@tempbox=\box59
\tikz@tempbox@bg=\box60
\tikztreelevel=\count269
\tikznumberofchildren=\count270
\tikznumberofcurrentchild=\count271
\tikz@fig@count=\count272

(C:\Users\Maryam Otunara\AppData\Local\Programs\MiKTeX\tex/generic/pgf/modules\
pgfmodulematrix.code.tex
File: pgfmodulematrix.code.tex 2021/05/15 v3.1.9a (3.1.9a)
\pgfmatrixcurrentrow=\count273
\pgfmatrixcurrentcolumn=\count274
\pgf@matrix@numberofcolumns=\count275
)
\tikz@expandcount=\count276

(C:\Users\Maryam Otunara\AppData\Local\Programs\MiKTeX\tex/generic/pgf/frontend
layer/tikz/libraries\tikzlibrarytopaths.code.tex
File: tikzlibrarytopaths.code.tex 2021/05/15 v3.1.9a (3.1.9a)
)))
(C:\Users\Maryam Otunara\AppData\Local\Programs\MiKTeX\tex/generic/pgfplots\pgf
plots.code.tex
(C:\Users\Maryam Otunara\AppData\Local\Programs\MiKTeX\tex/generic/pgfplots\pgf
plotscore.code.tex
\t@pgfplots@toka=\toks29
\t@pgfplots@tokb=\toks30
\t@pgfplots@tokc=\toks31
\pgfplots@tmpa=\dimen191
\c@pgfplots@coordindex=\count277
\c@pgfplots@scanlineindex=\count278

(C:\Users\Maryam Otunara\AppData\Local\Programs\MiKTeX\tex/generic/pgfplots/sys
\pgfplotssysgeneric.code.tex))
(C:\Users\Maryam Otunara\AppData\Local\Programs\MiKTeX\tex/generic/pgfplots/lib
s\pgfplotslibrary.code.tex)
(C:\Users\Maryam Otunara\AppData\Local\Programs\MiKTeX\tex/generic/pgfplots/old
pgfcompatib\pgfplotsoldpgfsupp_loader.code.tex
(C:\Users\Maryam Otunara\AppData\Local\Programs\MiKTeX\tex/generic/pgf/librarie
s\pgflibraryfpu.code.tex))
(C:\Users\Maryam Otunara\AppData\Local\Programs\MiKTeX\tex/generic/pgfplots/uti
l\pgfplotsutil.code.tex
(C:\Users\Maryam Otunara\AppData\Local\Programs\MiKTeX\tex/generic/pgfplots/lis
tstructure\pgfplotsliststructure.code.tex)
(C:\Users\Maryam Otunara\AppData\Local\Programs\MiKTeX\tex/generic/pgfplots/lis
tstructure\pgfplotsliststructureext.code.tex)
(C:\Users\Maryam Otunara\AppData\Local\Programs\MiKTeX\tex/generic/pgfplots/lis
tstructure\pgfplotsarray.code.tex
\c@pgfplotsarray@tmp=\count279
)
(C:\Users\Maryam Otunara\AppData\Local\Programs\MiKTeX\tex/generic/pgfplots/lis
tstructure\pgfplotsmatrix.code.tex)
(C:\Users\Maryam Otunara\AppData\Local\Programs\MiKTeX\tex/generic/pgfplots/num
table\pgfplotstableshared.code.tex
\c@pgfplotstable@counta=\count280
\t@pgfplotstable@a=\toks32
)
(C:\Users\Maryam Otunara\AppData\Local\Programs\MiKTeX\tex/generic/pgfplots/lis
tstructure\pgfplotsdeque.code.tex)
(C:\Users\Maryam Otunara\AppData\Local\Programs\MiKTeX\tex/generic/pgfplots/uti
l\pgfplotsbinary.code.tex
(C:\Users\Maryam Otunara\AppData\Local\Programs\MiKTeX\tex/generic/pgfplots/uti
l\pgfplotsbinary.data.code.tex))
(C:\Users\Maryam Otunara\AppData\Local\Programs\MiKTeX\tex/generic/pgfplots/uti
l\pgfplotsutil.verb.code.tex)
(C:\Users\Maryam Otunara\AppData\Local\Programs\MiKTeX\tex/generic/pgfplots/lib
s\pgflibrarypgfplots.surfshading.code.tex
\c@pgfplotslibrarysurf@no=\count281

(C:\Users\Maryam Otunara\AppData\Local\Programs\MiKTeX\tex/generic/pgfplots/sys
\pgflibrarypgfplots.surfshading.pgfsys-pdftex.def)))
(C:\Users\Maryam Otunara\AppData\Local\Programs\MiKTeX\tex/generic/pgfplots/uti
l\pgfplotscolormap.code.tex
(C:\Users\Maryam Otunara\AppData\Local\Programs\MiKTeX\tex/generic/pgfplots/uti
l\pgfplotscolor.code.tex))
(C:\Users\Maryam Otunara\AppData\Local\Programs\MiKTeX\tex/generic/pgfplots\pgf
plotsstackedplots.code.tex)
(C:\Users\Maryam Otunara\AppData\Local\Programs\MiKTeX\tex/generic/pgfplots\pgf
plotsplothandlers.code.tex
(C:\Users\Maryam Otunara\AppData\Local\Programs\MiKTeX\tex/generic/pgfplots\pgf
plotsmeshplothandler.code.tex
(C:\Users\Maryam Otunara\AppData\Local\Programs\MiKTeX\tex/generic/pgfplots\pgf
plotsmeshplotimage.code.tex)))
(C:\Users\Maryam Otunara\AppData\Local\Programs\MiKTeX\tex/generic/pgfplots\pgf
plots.scaling.code.tex)
(C:\Users\Maryam Otunara\AppData\Local\Programs\MiKTeX\tex/generic/pgfplots\pgf
plotscoordprocessing.code.tex)
(C:\Users\Maryam Otunara\AppData\Local\Programs\MiKTeX\tex/generic/pgfplots\pgf
plots.errorbars.code.tex)
(C:\Users\Maryam Otunara\AppData\Local\Programs\MiKTeX\tex/generic/pgfplots\pgf
plots.markers.code.tex)
(C:\Users\Maryam Otunara\AppData\Local\Programs\MiKTeX\tex/generic/pgfplots\pgf
plotsticks.code.tex)
(C:\Users\Maryam Otunara\AppData\Local\Programs\MiKTeX\tex/generic/pgfplots\pgf
plots.paths.code.tex)
(C:\Users\Maryam Otunara\AppData\Local\Programs\MiKTeX\tex/generic/pgf/frontend
layer/tikz/libraries\tikzlibrarydecorations.code.tex
(C:\Users\Maryam Otunara\AppData\Local\Programs\MiKTeX\tex/generic/pgf/modules\
pgfmoduledecorations.code.tex
\pgfdecoratedcompleteddistance=\dimen192
\pgfdecoratedremainingdistance=\dimen193
\pgfdecoratedinputsegmentcompleteddistance=\dimen194
\pgfdecoratedinputsegmentremainingdistance=\dimen195
\pgf@decorate@distancetomove=\dimen196
\pgf@decorate@repeatstate=\count282
\pgfdecorationsegmentamplitude=\dimen197
\pgfdecorationsegmentlength=\dimen198
)
\tikz@lib@dec@box=\box61
)
(C:\Users\Maryam Otunara\AppData\Local\Programs\MiKTeX\tex/generic/pgf/frontend
layer/tikz/libraries\tikzlibrarydecorations.pathmorphing.code.tex
(C:\Users\Maryam Otunara\AppData\Local\Programs\MiKTeX\tex/generic/pgf/librarie
s/decorations\pgflibrarydecorations.pathmorphing.code.tex))
(C:\Users\Maryam Otunara\AppData\Local\Programs\MiKTeX\tex/generic/pgf/frontend
layer/tikz/libraries\tikzlibrarydecorations.pathreplacing.code.tex
(C:\Users\Maryam Otunara\AppData\Local\Programs\MiKTeX\tex/generic/pgf/librarie
s/decorations\pgflibrarydecorations.pathreplacing.code.tex))
(C:\Users\Maryam Otunara\AppData\Local\Programs\MiKTeX\tex/generic/pgfplots/lib
s\tikzlibrarypgfplots.contourlua.code.tex)
\pgfplots@numplots=\count283
\pgfplots@xmin@reg=\dimen199
\pgfplots@xmax@reg=\dimen256
\pgfplots@ymin@reg=\dimen257
\pgfplots@ymax@reg=\dimen258
\pgfplots@zmin@reg=\dimen259
\pgfplots@zmax@reg=\dimen260
)
(C:\Users\Maryam Otunara\AppData\Local\Programs\MiKTeX\tex/generic/pgf/frontend
layer/tikz/libraries\tikzlibraryplotmarks.code.tex
File: tikzlibraryplotmarks.code.tex 2021/05/15 v3.1.9a (3.1.9a)

(C:\Users\Maryam Otunara\AppData\Local\Programs\MiKTeX\tex/generic/pgf/librarie
s\pgflibraryplotmarks.code.tex
File: pgflibraryplotmarks.code.tex 2021/05/15 v3.1.9a (3.1.9a)
)))
(C:\Users\Maryam Otunara\AppData\Local\Programs\MiKTeX\tex/generic/pgfplots/num
table\pgfplotstable.code.tex
(C:\Users\Maryam Otunara\AppData\Local\Programs\MiKTeX\tex/generic/pgfplots/num
table\pgfplotstable.coltype.code.tex))
(C:\Users\Maryam Otunara\AppData\Local\Programs\MiKTeX\tex/latex/tools\array.st
y
Package: array 2021/04/20 v2.5e Tabular extension package (FMi)
\col@sep=\dimen261
\ar@mcellbox=\box62
\extrarowheight=\dimen262
\NC@list=\toks33
\extratabsurround=\skip49
\backup@length=\skip50
\ar@cellbox=\box63
))
(C:\Users\Maryam Otunara\AppData\Local\Programs\MiKTeX\tex/latex/booktabs\bookt
abs.sty
Package: booktabs 2020/01/12 v1.61803398 Publication quality tables
\heavyrulewidth=\dimen263
\lightrulewidth=\dimen264
\cmidrulewidth=\dimen265
\belowrulesep=\dimen266
\belowbottomsep=\dimen267
\aboverulesep=\dimen268
\abovetopsep=\dimen269
\cmidrulesep=\dimen270
\cmidrulekern=\dimen271
\defaultaddspace=\dimen272
\@cmidla=\count284
\@cmidlb=\count285
\@aboverulesep=\dimen273
\@belowrulesep=\dimen274
\@thisruleclass=\count286
\@lastruleclass=\count287
\@thisrulewidth=\dimen275
)
(C:\Users\Maryam Otunara\AppData\Local\Programs\MiKTeX\tex/latex/l3backend\l3ba
ckend-pdftex.def
File: l3backend-pdftex.def 2021-10-18 L3 backend support: PDF output (pdfTeX)
\l__color_backend_stack_int=\count288
\l__pdf_internal_box=\box64
) (Practice6-ClassprojectII.aux)
\openout1 = `Practice6-ClassprojectII.aux'.

LaTeX Font Info:    Checking defaults for OML/cmm/m/it on input line 6.
LaTeX Font Info:    ... okay on input line 6.
LaTeX Font Info:    Checking defaults for OMS/cmsy/m/n on input line 6.
LaTeX Font Info:    ... okay on input line 6.
LaTeX Font Info:    Checking defaults for OT1/cmr/m/n on input line 6.
LaTeX Font Info:    ... okay on input line 6.
LaTeX Font Info:    Checking defaults for T1/cmr/m/n on input line 6.
LaTeX Font Info:    ... okay on input line 6.
LaTeX Font Info:    Checking defaults for TS1/cmr/m/n on input line 6.
LaTeX Font Info:    ... okay on input line 6.
LaTeX Font Info:    Checking defaults for OMX/cmex/m/n on input line 6.
LaTeX Font Info:    ... okay on input line 6.
LaTeX Font Info:    Checking defaults for U/cmr/m/n on input line 6.
LaTeX Font Info:    ... okay on input line 6.

(C:\Users\Maryam Otunara\AppData\Local\Programs\MiKTeX\tex/context/base/mkii\su
pp-pdf.mkii
[Loading MPS to PDF converter (version 2006.09.02).]
\scratchcounter=\count289
\scratchdimen=\dimen276
\scratchbox=\box65
\nofMPsegments=\count290
\nofMParguments=\count291
\everyMPshowfont=\toks34
\MPscratchCnt=\count292
\MPscratchDim=\dimen277
\MPnumerator=\count293
\makeMPintoPDFobject=\count294
\everyMPtoPDFconversion=\toks35
)
(C:\Users\Maryam Otunara\AppData\Local\Programs\MiKTeX\tex/latex/epstopdf-pkg\e
pstopdf-base.sty
Package: epstopdf-base 2020-01-24 v2.11 Base part for package epstopdf
Package epstopdf-base Info: Redefining graphics rule for `.eps' on input line 4
85.

(C:\Users\Maryam Otunara\AppData\Local\Programs\MiKTeX\tex/latex/00miktex\epsto
pdf-sys.cfg
File: epstopdf-sys.cfg 2021/03/18 v2.0 Configuration of epstopdf for MiKTeX
))

Package pgfplots Warning: running in backwards compatibility mode (unsuitable t
ick labels; missing features). Consider writing \pgfplotsset{compat=1.18} into 
your preamble.
 on input line 6.


! Package pgfkeys Error: I do not know the key '/pgfplots/table/display columns
/3/' and I am going to ignore it. Perhaps you misspelled it.

See the pgfkeys package documentation for explanation.
Type  H <return>  for immediate help.
 ...                                              
                                                  
l.39             ]
                  {artists.csv}
This error message was generated by an \errmessage
command, so I can't give any explicit help.
Pretend that you're Hercule Poirot: Examine all clues,
and deduce the truth by order and method.


! Package pgfkeys Error: I do not know the key '/pgfplots/table/create col/styl
e', to which you passed 'column name=$genre$, column type={l},string type', and
 I am going to ignore it. Perhaps you misspelled it.

See the pgfkeys package documentation for explanation.
Type  H <return>  for immediate help.
 ...                                              
                                                  
l.39             ]
                  {artists.csv}
(That was another \errmessage.)


! Package pgfkeys Error: I do not know the key '/pgfplots/table/display columns
/4/' and I am going to ignore it. Perhaps you misspelled it.

See the pgfkeys package documentation for explanation.
Type  H <return>  for immediate help.
 ...                                              
                                                  
l.39             ]
                  {artists.csv}
(That was another \errmessage.)


! Package pgfkeys Error: I do not know the key '/pgfplots/table/create col/styl
e', to which you passed 'column name=$nationality$, column type={l},string type
', and I am going to ignore it. Perhaps you misspelled it.

See the pgfkeys package documentation for explanation.
Type  H <return>  for immediate help.
 ...                                              
                                                  
l.39             ]
                  {artists.csv}
(That was another \errmessage.)

PGFPlots: reading {artists.csv}

! Package PGF Math Error: Could not parse input 'Expressionism' as a floating p
oint number, sorry. The unreadable part was near 'Expressionism'..

See the PGF Math package documentation for explanation.
Type  H <return>  for immediate help.
 ...                                              
                                                  
l.39             ]{artists.csv}
                               
(That was another \errmessage.)


! Package PGF Math Error: Could not parse input 'Abstractionism' as a floating 
point number, sorry. The unreadable part was near 'Abstractionism'..

See the PGF Math package documentation for explanation.
Type  H <return>  for immediate help.
 ...                                              
                                                  
l.39             ]{artists.csv}
                               
(That was another \errmessage.)


! Package PGF Math Error: Could not parse input 'Social Realism' as a floating 
point number, sorry. The unreadable part was near 'Social Realism'..

See the PGF Math package documentation for explanation.
Type  H <return>  for immediate help.
 ...                                              
                                                  
l.39             ]{artists.csv}
                               
(That was another \errmessage.)


! Package PGF Math Error: Could not parse input 'Impressionism' as a floating p
oint number, sorry. The unreadable part was near 'mpressionism'..

See the PGF Math package documentation for explanation.
Type  H <return>  for immediate help.
 ...                                              
                                                  
l.39             ]{artists.csv}
                               
(That was another \errmessage.)


! Package PGF Math Error: Could not parse input 'Impressionism' as a floating p
oint number, sorry. The unreadable part was near 'mpressionism'..

See the PGF Math package documentation for explanation.
Type  H <return>  for immediate help.
 ...                                              
                                                  
l.39             ]{artists.csv}
                               
(That was another \errmessage.)


! Package PGF Math Error: Could not parse input 'Surrealism' as a floating poin
t number, sorry. The unreadable part was near 'Surrealism'..

See the PGF Math package documentation for explanation.
Type  H <return>  for immediate help.
 ...                                              
                                                  
l.39             ]{artists.csv}
                               
(That was another \errmessage.)


! Package PGF Math Error: Could not parse input 'Realism' as a floating point n
umber, sorry. The unreadable part was near 'Realism'..

See the PGF Math package documentation for explanation.
Type  H <return>  for immediate help.
 ...                                              
                                                  
l.39             ]{artists.csv}
                               
(That was another \errmessage.)


! Package PGF Math Error: Could not parse input 'Byzantine Art' as a floating p
oint number, sorry. The unreadable part was near 'Byzantine Art'..

See the PGF Math package documentation for explanation.
Type  H <return>  for immediate help.
 ...                                              
                                                  
l.39             ]{artists.csv}
                               
(That was another \errmessage.)


! Package PGF Math Error: Could not parse input 'Post-Impressionism' as a float
ing point number, sorry. The unreadable part was near 'Post-Impressionism'..

See the PGF Math package documentation for explanation.
Type  H <return>  for immediate help.
 ...                                              
                                                  
l.39             ]{artists.csv}
                               
(That was another \errmessage.)


! Package PGF Math Error: Could not parse input 'Symbolism Art Nouveau' as a fl
oating point number, sorry. The unreadable part was near 'Symbolism Art Nouveau
'..

See the PGF Math package documentation for explanation.
Type  H <return>  for immediate help.
 ...                                              
                                                  
l.39             ]{artists.csv}
                               
(That was another \errmessage.)


! Package PGF Math Error: Could not parse input 'Northern Renaissance' as a flo
ating point number, sorry. The unreadable part was near 'orthern Renaissance'..


See the PGF Math package documentation for explanation.
Type  H <return>  for immediate help.
 ...                                              
                                                  
l.39             ]{artists.csv}
                               
(That was another \errmessage.)


! Package PGF Math Error: Could not parse input 'Suprematism' as a floating poi
nt number, sorry. The unreadable part was near 'Suprematism'..

See the PGF Math package documentation for explanation.
Type  H <return>  for immediate help.
 ...                                              
                                                  
l.39             ]{artists.csv}
                               
(That was another \errmessage.)


! Package PGF Math Error: Could not parse input 'Symbolism' as a floating point
 number, sorry. The unreadable part was near 'Symbolism'..

See the PGF Math package documentation for explanation.
Type  H <return>  for immediate help.
 ...                                              
                                                  
l.39             ]{artists.csv}
                               
(That was another \errmessage.)


! Package PGF Math Error: Could not parse input 'Cubism' as a floating point nu
mber, sorry. The unreadable part was near 'Cubism'..

See the PGF Math package documentation for explanation.
Type  H <return>  for immediate help.
 ...                                              
                                                  
l.39             ]{artists.csv}
                               
(That was another \errmessage.)


! Package PGF Math Error: Could not parse input 'Baroque' as a floating point n
umber, sorry. The unreadable part was near 'Baroque'..

See the PGF Math package documentation for explanation.
Type  H <return>  for immediate help.
 ...                                              
                                                  
l.39             ]{artists.csv}
                               
(That was another \errmessage.)


! Package PGF Math Error: Could not parse input 'Impressionism' as a floating p
oint number, sorry. The unreadable part was near 'mpressionism'..

See the PGF Math package documentation for explanation.
Type  H <return>  for immediate help.
 ...                                              
                                                  
l.39             ]{artists.csv}
                               
(That was another \errmessage.)


! Package PGF Math Error: Could not parse input 'Romanticism' as a floating poi
nt number, sorry. The unreadable part was near 'Romanticism'..

See the PGF Math package documentation for explanation.
Type  H <return>  for immediate help.
 ...                                              
                                                  
l.39             ]{artists.csv}
                               
(That was another \errmessage.)


! Package PGF Math Error: Could not parse input 'Primitivism' as a floating poi
nt number, sorry. The unreadable part was near 'Primitivism'..

See the PGF Math package documentation for explanation.
Type  H <return>  for immediate help.
 ...                                              
                                                  
l.39             ]{artists.csv}
                               
(That was another \errmessage.)


! Package PGF Math Error: Could not parse input 'Mannerism' as a floating point
 number, sorry. The unreadable part was near 'Mannerism'..

See the PGF Math package documentation for explanation.
Type  H <return>  for immediate help.
 ...                                              
                                                  
l.39             ]{artists.csv}
                               
(That was another \errmessage.)


! Package PGF Math Error: Could not parse input 'Northern Renaissance' as a flo
ating point number, sorry. The unreadable part was near 'orthern Renaissance'..


See the PGF Math package documentation for explanation.
Type  H <return>  for immediate help.
 ...                                              
                                                  
l.39             ]{artists.csv}
                               
(That was another \errmessage.)


! Package PGF Math Error: Could not parse input 'Impressionism' as a floating p
oint number, sorry. The unreadable part was near 'mpressionism'..

See the PGF Math package documentation for explanation.
Type  H <return>  for immediate help.
 ...                                              
                                                  
l.39             ]{artists.csv}
                               
(That was another \errmessage.)


! Package PGF Math Error: Could not parse input 'Northern Renaissance' as a flo
ating point number, sorry. The unreadable part was near 'orthern Renaissance'..


See the PGF Math package documentation for explanation.
Type  H <return>  for immediate help.
 ...                                              
                                                  
l.39             ]{artists.csv}
                               
(That was another \errmessage.)


! Package PGF Math Error: Could not parse input 'Primitivism' as a floating poi
nt number, sorry. The unreadable part was near 'Primitivism'..

See the PGF Math package documentation for explanation.
Type  H <return>  for immediate help.
 ...                                              
                                                  
l.39             ]{artists.csv}
                               
(That was another \errmessage.)


! Package PGF Math Error: Could not parse input 'Proto Renaissance' as a floati
ng point number, sorry. The unreadable part was near 'Proto Renaissance'..

See the PGF Math package documentation for explanation.
Type  H <return>  for immediate help.
 ...                                              
                                                  
l.39             ]{artists.csv}
                               
(That was another \errmessage.)


! Package PGF Math Error: Could not parse input 'Early Renaissance' as a floati
ng point number, sorry. The unreadable part was near 'Early Renaissance'..

See the PGF Math package documentation for explanation.
Type  H <return>  for immediate help.
 ...                                              
                                                  
l.39             ]{artists.csv}
                               
(That was another \errmessage.)


! Package PGF Math Error: Could not parse input 'Baroque' as a floating point n
umber, sorry. The unreadable part was near 'Baroque'..

See the PGF Math package documentation for explanation.
Type  H <return>  for immediate help.
 ...                                              
                                                  
l.39             ]{artists.csv}
                               
(That was another \errmessage.)


! Package PGF Math Error: Could not parse input 'High Renaissance' as a floatin
g point number, sorry. The unreadable part was near 'High Renaissance'..

See the PGF Math package documentation for explanation.
Type  H <return>  for immediate help.
 ...                                              
                                                  
l.39             ]{artists.csv}
                               
(That was another \errmessage.)


! Package PGF Math Error: Could not parse input 'Baroque' as a floating point n
umber, sorry. The unreadable part was near 'Baroque'..

See the PGF Math package documentation for explanation.
Type  H <return>  for immediate help.
 ...                                              
                                                  
l.39             ]{artists.csv}
                               
(That was another \errmessage.)


! Package PGF Math Error: Could not parse input 'Impressionism' as a floating p
oint number, sorry. The unreadable part was near 'mpressionism'..

See the PGF Math package documentation for explanation.
Type  H <return>  for immediate help.
 ...                                              
                                                  
l.39             ]{artists.csv}
                               
(That was another \errmessage.)


! Package PGF Math Error: Could not parse input 'Northern Renaissance' as a flo
ating point number, sorry. The unreadable part was near 'orthern Renaissance'..


See the PGF Math package documentation for explanation.
Type  H <return>  for immediate help.
 ...                                              
                                                  
l.39             ]{artists.csv}
                               
(That was another \errmessage.)


! Package PGF Math Error: Could not parse input 'Impressionism' as a floating p
oint number, sorry. The unreadable part was near 'mpressionism'..

See the PGF Math package documentation for explanation.
Type  H <return>  for immediate help.
 ...                                              
                                                  
l.39             ]{artists.csv}
                               
(That was another \errmessage.)


! Package PGF Math Error: Could not parse input 'Baroque' as a floating point n
umber, sorry. The unreadable part was near 'Baroque'..

See the PGF Math package documentation for explanation.
Type  H <return>  for immediate help.
 ...                                              
                                                  
l.39             ]{artists.csv}
                               
(That was another \errmessage.)


! Package PGF Math Error: Could not parse input 'High Renaissance' as a floatin
g point number, sorry. The unreadable part was near 'High Renaissance'..

See the PGF Math package documentation for explanation.
Type  H <return>  for immediate help.
 ...                                              
                                                  
l.39             ]{artists.csv}
                               
(That was another \errmessage.)


! Package PGF Math Error: Could not parse input 'Post-Impressionism' as a float
ing point number, sorry. The unreadable part was near 'Post-Impressionism'..

See the PGF Math package documentation for explanation.
Type  H <return>  for immediate help.
 ...                                              
                                                  
l.39             ]{artists.csv}
                               
(That was another \errmessage.)


! Package PGF Math Error: Could not parse input 'Realism' as a floating point n
umber, sorry. The unreadable part was near 'Realism'..

See the PGF Math package documentation for explanation.
Type  H <return>  for immediate help.
 ...                                              
                                                  
l.39             ]{artists.csv}
                               
(That was another \errmessage.)


! Package PGF Math Error: Could not parse input 'Impressionism' as a floating p
oint number, sorry. The unreadable part was near 'mpressionism'..

See the PGF Math package documentation for explanation.
Type  H <return>  for immediate help.
 ...                                              
                                                  
l.39             ]{artists.csv}
                               
(That was another \errmessage.)


! Package PGF Math Error: Could not parse input 'Romanticism' as a floating poi
nt number, sorry. The unreadable part was near 'Romanticism'..

See the PGF Math package documentation for explanation.
Type  H <return>  for immediate help.
 ...                                              
                                                  
l.39             ]{artists.csv}
                               
(That was another \errmessage.)


! Package PGF Math Error: Could not parse input 'Symbolism' as a floating point
 number, sorry. The unreadable part was near 'Symbolism'..

See the PGF Math package documentation for explanation.
Type  H <return>  for immediate help.
 ...                                              
                                                  
l.39             ]{artists.csv}
                               
(That was another \errmessage.)


! Package PGF Math Error: Could not parse input 'Post-Impressionism' as a float
ing point number, sorry. The unreadable part was near 'Post-Impressionism'..

See the PGF Math package documentation for explanation.
Type  H <return>  for immediate help.
 ...                                              
                                                  
l.39             ]{artists.csv}
                               
(That was another \errmessage.)


! Package PGF Math Error: Could not parse input 'Romanticism' as a floating poi
nt number, sorry. The unreadable part was near 'Romanticism'..

See the PGF Math package documentation for explanation.
Type  H <return>  for immediate help.
 ...                                              
                                                  
l.39             ]{artists.csv}
                               
(That was another \errmessage.)


! Package PGF Math Error: Could not parse input 'Primitivism' as a floating poi
nt number, sorry. The unreadable part was near 'Primitivism'..

See the PGF Math package documentation for explanation.
Type  H <return>  for immediate help.
 ...                                              
                                                  
l.39             ]{artists.csv}
                               
(That was another \errmessage.)


! Package PGF Math Error: Could not parse input 'Post-Impressionism' as a float
ing point number, sorry. The unreadable part was near 'Post-Impressionism'..

See the PGF Math package documentation for explanation.
Type  H <return>  for immediate help.
 ...                                              
                                                  
l.39             ]{artists.csv}
                               
(That was another \errmessage.)


! Package PGF Math Error: Could not parse input 'Expressionism' as a floating p
oint number, sorry. The unreadable part was near 'Expressionism'..

See the PGF Math package documentation for explanation.
Type  H <return>  for immediate help.
 ...                                              
                                                  
l.39             ]{artists.csv}
                               
(That was another \errmessage.)


! Package PGF Math Error: Could not parse input 'Neoplasticism' as a floating p
oint number, sorry. The unreadable part was near 'eoplasticism'..

See the PGF Math package documentation for explanation.
Type  H <return>  for immediate help.
 ...                                              
                                                  
l.39             ]{artists.csv}
                               
(That was another \errmessage.)


! Package PGF Math Error: Could not parse input 'Surrealism' as a floating poin
t number, sorry. The unreadable part was near 'Surrealism'..

See the PGF Math package documentation for explanation.
Type  H <return>  for immediate help.
 ...                                              
                                                  
l.39             ]{artists.csv}
                               
(That was another \errmessage.)


! Package PGF Math Error: Could not parse input 'Pop Art' as a floating point n
umber, sorry. The unreadable part was near 'Pop Art'..

See the PGF Math package documentation for explanation.
Type  H <return>  for immediate help.
 ...                                              
                                                  
l.39             ]{artists.csv}
                               
(That was another \errmessage.)


! Package PGF Math Error: Could not parse input 'Symbolism' as a floating point
 number, sorry. The unreadable part was near 'Symbolism'..

See the PGF Math package documentation for explanation.
Type  H <return>  for immediate help.
 ...                                              
                                                  
l.39             ]{artists.csv}
                               
(That was another \errmessage.)


! Package PGF Math Error: Could not parse input 'High Renaissance' as a floatin
g point number, sorry. The unreadable part was near 'High Renaissance'..

See the PGF Math package documentation for explanation.
Type  H <return>  for immediate help.
 ...                                              
                                                  
l.39             ]{artists.csv}
                               
(That was another \errmessage.)


! Package PGF Math Error: Could not parse input 'High Renaissance' as a floatin
g point number, sorry. The unreadable part was near 'High Renaissance'..

See the PGF Math package documentation for explanation.
Type  H <return>  for immediate help.
 ...                                              
                                                  
l.39             ]{artists.csv}
                               
(That was another \errmessage.)


! Package PGF Math Error: Could not parse input 'Abstract Expressionism' as a f
loating point number, sorry. The unreadable part was near 'Abstract Expressioni
sm'..

See the PGF Math package documentation for explanation.
Type  H <return>  for immediate help.
 ...                                              
                                                  
l.39             ]{artists.csv}
                               
(That was another \errmessage.)


! Package PGF Math Error: Could not parse input 'Italian' as a floating point n
umber, sorry. The unreadable part was near 'talian'..

See the PGF Math package documentation for explanation.
Type  H <return>  for immediate help.
 ...                                              
                                                  
l.39             ]{artists.csv}
                               
(That was another \errmessage.)


! Package PGF Math Error: Could not parse input 'Russian' as a floating point n
umber, sorry. The unreadable part was near 'Russian'..

See the PGF Math package documentation for explanation.
Type  H <return>  for immediate help.
 ...                                              
                                                  
l.39             ]{artists.csv}
                               
(That was another \errmessage.)


! Package PGF Math Error: Could not parse input 'Mexican' as a floating point n
umber, sorry. The unreadable part was near 'Mexican'..

See the PGF Math package documentation for explanation.
Type  H <return>  for immediate help.
 ...                                              
                                                  
l.39             ]{artists.csv}
                               
(That was another \errmessage.)


! Package PGF Math Error: Could not parse input 'French' as a floating point nu
mber, sorry. The unreadable part was near 'French'..

See the PGF Math package documentation for explanation.
Type  H <return>  for immediate help.
 ...                                              
                                                  
l.39             ]{artists.csv}
                               
(That was another \errmessage.)


! Package PGF Math Error: Could not parse input 'Belgian' as a floating point n
umber, sorry. The unreadable part was near 'Belgian'..

See the PGF Math package documentation for explanation.
Type  H <return>  for immediate help.
 ...                                              
                                                  
l.39             ]{artists.csv}
                               
(That was another \errmessage.)


! Package PGF Math Error: Could not parse input 'Spanish' as a floating point n
umber, sorry. The unreadable part was near 'Spanish'..

See the PGF Math package documentation for explanation.
Type  H <return>  for immediate help.
 ...                                              
                                                  
l.39             ]{artists.csv}
                               
(That was another \errmessage.)


! Package PGF Math Error: Could not parse input 'French' as a floating point nu
mber, sorry. The unreadable part was near 'French'..

See the PGF Math package documentation for explanation.
Type  H <return>  for immediate help.
 ...                                              
                                                  
l.39             ]{artists.csv}
                               
(That was another \errmessage.)


! Package PGF Math Error: Could not parse input 'Russian' as a floating point n
umber, sorry. The unreadable part was near 'Russian'..

See the PGF Math package documentation for explanation.
Type  H <return>  for immediate help.
 ...                                              
                                                  
l.39             ]{artists.csv}
                               
(That was another \errmessage.)


! Package PGF Math Error: Could not parse input 'Dutch' as a floating point num
ber, sorry. The unreadable part was near 'Dutch'..

See the PGF Math package documentation for explanation.
Type  H <return>  for immediate help.
 ...                                              
                                                  
l.39             ]{artists.csv}
                               
(That was another \errmessage.)


! Package PGF Math Error: Could not parse input 'Austrian' as a floating point 
number, sorry. The unreadable part was near 'Austrian'..

See the PGF Math package documentation for explanation.
Type  H <return>  for immediate help.
 ...                                              
                                                  
l.39             ]{artists.csv}
                               
(That was another \errmessage.)


! Package PGF Math Error: Could not parse input 'Dutch' as a floating point num
ber, sorry. The unreadable part was near 'Dutch'..

See the PGF Math package documentation for explanation.
Type  H <return>  for immediate help.
 ...                                              
                                                  
l.39             ]{artists.csv}
                               
(That was another \errmessage.)


! Package PGF Math Error: Could not parse input 'Russian' as a floating point n
umber, sorry. The unreadable part was near 'Russian'..

See the PGF Math package documentation for explanation.
Type  H <return>  for immediate help.
 ...                                              
                                                  
l.39             ]{artists.csv}
                               
(That was another \errmessage.)


! Package PGF Math Error: Could not parse input 'Russian' as a floating point n
umber, sorry. The unreadable part was near 'Russian'..

See the PGF Math package documentation for explanation.
Type  H <return>  for immediate help.
 ...                                              
                                                  
l.39             ]{artists.csv}
                               
(That was another \errmessage.)


! Package PGF Math Error: Could not parse input 'Spanish' as a floating point n
umber, sorry. The unreadable part was near 'Spanish'..

See the PGF Math package documentation for explanation.
Type  H <return>  for immediate help.
 ...                                              
                                                  
l.39             ]{artists.csv}
                               
(That was another \errmessage.)


! Package PGF Math Error: Could not parse input 'Flemish' as a floating point n
umber, sorry. The unreadable part was near 'Flemish'..

See the PGF Math package documentation for explanation.
Type  H <return>  for immediate help.
 ...                                              
                                                  
l.39             ]{artists.csv}
                               
(That was another \errmessage.)


! Package PGF Math Error: Could not parse input 'French' as a floating point nu
mber, sorry. The unreadable part was near 'French'..

See the PGF Math package documentation for explanation.
Type  H <return>  for immediate help.
 ...                                              
                                                  
l.39             ]{artists.csv}
                               
(That was another \errmessage.)


! Package PGF Math Error: Could not parse input 'Spanish' as a floating point n
umber, sorry. The unreadable part was near 'Spanish'..

See the PGF Math package documentation for explanation.
Type  H <return>  for immediate help.
 ...                                              
                                                  
l.39             ]{artists.csv}
                               
(That was another \errmessage.)


! Package PGF Math Error: Could not parse input 'Mexican' as a floating point n
umber, sorry. The unreadable part was near 'Mexican'..

See the PGF Math package documentation for explanation.
Type  H <return>  for immediate help.
 ...                                              
                                                  
l.39             ]{artists.csv}
                               
(That was another \errmessage.)


! Package PGF Math Error: Could not parse input 'Spanish' as a floating point n
umber, sorry. The unreadable part was near 'Spanish'..

See the PGF Math package documentation for explanation.
Type  H <return>  for immediate help.
 ...                                              
                                                  
l.39             ]{artists.csv}
                               
(That was another \errmessage.)


! Package PGF Math Error: Could not parse input 'German' as a floating point nu
mber, sorry. The unreadable part was near 'German'..

See the PGF Math package documentation for explanation.
Type  H <return>  for immediate help.
 ...                                              
                                                  
l.39             ]{artists.csv}
                               
(That was another \errmessage.)


! Package PGF Math Error: Could not parse input 'French' as a floating point nu
mber, sorry. The unreadable part was near 'French'..

See the PGF Math package documentation for explanation.
Type  H <return>  for immediate help.
 ...                                              
                                                  
l.39             ]{artists.csv}
                               
(That was another \errmessage.)


! Package PGF Math Error: Could not parse input 'Flemish' as a floating point n
umber, sorry. The unreadable part was near 'Flemish'..

See the PGF Math package documentation for explanation.
Type  H <return>  for immediate help.
 ...                                              
                                                  
l.39             ]{artists.csv}
                               
(That was another \errmessage.)


! Package PGF Math Error: Could not parse input 'French' as a floating point nu
mber, sorry. The unreadable part was near 'French'..

See the PGF Math package documentation for explanation.
Type  H <return>  for immediate help.
 ...                                              
                                                  
l.39             ]{artists.csv}
                               
(That was another \errmessage.)


! Package PGF Math Error: Could not parse input 'Italian' as a floating point n
umber, sorry. The unreadable part was near 'talian'..

See the PGF Math package documentation for explanation.
Type  H <return>  for immediate help.
 ...                                              
                                                  
l.39             ]{artists.csv}
                               
(That was another \errmessage.)


! Package PGF Math Error: Could not parse input 'Italian' as a floating point n
umber, sorry. The unreadable part was near 'talian'..

See the PGF Math package documentation for explanation.
Type  H <return>  for immediate help.
 ...                                              
                                                  
l.39             ]{artists.csv}
                               
(That was another \errmessage.)


! Package PGF Math Error: Could not parse input 'Italian' as a floating point n
umber, sorry. The unreadable part was near 'talian'..

See the PGF Math package documentation for explanation.
Type  H <return>  for immediate help.
 ...                                              
                                                  
l.39             ]{artists.csv}
                               
(That was another \errmessage.)


! Package PGF Math Error: Could not parse input 'Italian' as a floating point n
umber, sorry. The unreadable part was near 'talian'..

See the PGF Math package documentation for explanation.
Type  H <return>  for immediate help.
 ...                                              
                                                  
l.39             ]{artists.csv}
                               
(That was another \errmessage.)


! Package PGF Math Error: Could not parse input 'Spanish' as a floating point n
umber, sorry. The unreadable part was near 'Spanish'..

See the PGF Math package documentation for explanation.
Type  H <return>  for immediate help.
 ...                                              
                                                  
l.39             ]{artists.csv}
                               
(That was another \errmessage.)


! Package PGF Math Error: Could not parse input 'French' as a floating point nu
mber, sorry. The unreadable part was near 'French'..

See the PGF Math package documentation for explanation.
Type  H <return>  for immediate help.
 ...                                              
                                                  
l.39             ]{artists.csv}
                               
(That was another \errmessage.)


! Package PGF Math Error: Could not parse input 'Flemish' as a floating point n
umber, sorry. The unreadable part was near 'Flemish'..

See the PGF Math package documentation for explanation.
Type  H <return>  for immediate help.
 ...                                              
                                                  
l.39             ]{artists.csv}
                               
(That was another \errmessage.)


! Package PGF Math Error: Could not parse input 'French' as a floating point nu
mber, sorry. The unreadable part was near 'French'..

See the PGF Math package documentation for explanation.
Type  H <return>  for immediate help.
 ...                                              
                                                  
l.39             ]{artists.csv}
                               
(That was another \errmessage.)


! Package PGF Math Error: Could not parse input 'Dutch' as a floating point num
ber, sorry. The unreadable part was near 'Dutch'..

See the PGF Math package documentation for explanation.
Type  H <return>  for immediate help.
 ...                                              
                                                  
l.39             ]{artists.csv}
                               
(That was another \errmessage.)


! Package PGF Math Error: Could not parse input 'Italian' as a floating point n
umber, sorry. The unreadable part was near 'talian'..

See the PGF Math package documentation for explanation.
Type  H <return>  for immediate help.
 ...                                              
                                                  
l.39             ]{artists.csv}
                               
(That was another \errmessage.)


! Package PGF Math Error: Could not parse input 'French' as a floating point nu
mber, sorry. The unreadable part was near 'French'..

See the PGF Math package documentation for explanation.
Type  H <return>  for immediate help.
 ...                                              
                                                  
l.39             ]{artists.csv}
                               
(That was another \errmessage.)


! Package PGF Math Error: Could not parse input 'French' as a floating point nu
mber, sorry. The unreadable part was near 'French'..

See the PGF Math package documentation for explanation.
Type  H <return>  for immediate help.
 ...                                              
                                                  
l.39             ]{artists.csv}
                               
(That was another \errmessage.)


! Package PGF Math Error: Could not parse input 'French' as a floating point nu
mber, sorry. The unreadable part was near 'French'..

See the PGF Math package documentation for explanation.
Type  H <return>  for immediate help.
 ...                                              
                                                  
l.39             ]{artists.csv}
                               
(That was another \errmessage.)


! Package PGF Math Error: Could not parse input 'British' as a floating point n
umber, sorry. The unreadable part was near 'British'..

See the PGF Math package documentation for explanation.
Type  H <return>  for immediate help.
 ...                                              
                                                  
l.39             ]{artists.csv}
                               
(That was another \errmessage.)


! Package PGF Math Error: Could not parse input 'Norwegian' as a floating point
 number, sorry. The unreadable part was near 'orwegian'..

See the PGF Math package documentation for explanation.
Type  H <return>  for immediate help.
 ...                                              
                                                  
l.39             ]{artists.csv}
                               
(That was another \errmessage.)


! Package PGF Math Error: Could not parse input 'French' as a floating point nu
mber, sorry. The unreadable part was near 'French'..

See the PGF Math package documentation for explanation.
Type  H <return>  for immediate help.
 ...                                              
                                                  
l.39             ]{artists.csv}
                               
(That was another \errmessage.)


! Package PGF Math Error: Could not parse input 'French' as a floating point nu
mber, sorry. The unreadable part was near 'French'..

See the PGF Math package documentation for explanation.
Type  H <return>  for immediate help.
 ...                                              
                                                  
l.39             ]{artists.csv}
                               
(That was another \errmessage.)


! Package PGF Math Error: Could not parse input 'French' as a floating point nu
mber, sorry. The unreadable part was near 'French'..

See the PGF Math package documentation for explanation.
Type  H <return>  for immediate help.
 ...                                              
                                                  
l.39             ]{artists.csv}
                               
(That was another \errmessage.)


! Package PGF Math Error: Could not parse input 'French' as a floating point nu
mber, sorry. The unreadable part was near 'French'..

See the PGF Math package documentation for explanation.
Type  H <return>  for immediate help.
 ...                                              
                                                  
l.39             ]{artists.csv}
                               
(That was another \errmessage.)


! Package PGF Math Error: Could not parse input 'German' as a floating point nu
mber, sorry. The unreadable part was near 'German'..

See the PGF Math package documentation for explanation.
Type  H <return>  for immediate help.
 ...                                              
                                                  
l.39             ]{artists.csv}
                               
(That was another \errmessage.)


! Package PGF Math Error: Could not parse input 'Dutch' as a floating point num
ber, sorry. The unreadable part was near 'Dutch'..

See the PGF Math package documentation for explanation.
Type  H <return>  for immediate help.
 ...                                              
                                                  
l.39             ]{artists.csv}
                               
(That was another \errmessage.)


! Package PGF Math Error: Could not parse input 'Spanish' as a floating point n
umber, sorry. The unreadable part was near 'Spanish'..

See the PGF Math package documentation for explanation.
Type  H <return>  for immediate help.
 ...                                              
                                                  
l.39             ]{artists.csv}
                               
(That was another \errmessage.)


! Package PGF Math Error: Could not parse input 'American' as a floating point 
number, sorry. The unreadable part was near 'American'..

See the PGF Math package documentation for explanation.
Type  H <return>  for immediate help.
 ...                                              
                                                  
l.39             ]{artists.csv}
                               
(That makes 100 errors; please try again.) 
Here is how much of TeX's memory you used:
 22231 strings out of 478907
 607987 string characters out of 2847589
 1005423 words of memory out of 3000000
 39790 multiletter control sequences out of 15000+600000
 404097 words of font info for 29 fonts, out of 8000000 for 9000
 1141 hyphenation exceptions out of 8191
 114i,3n,117p,745b,609s stack positions out of 5000i,500n,10000p,200000b,80000s

!  ==> Fatal error occurred, no output PDF file produced!
